\BOOKMARK [1][-]{section.1}{\376\377\000T\000a\000s\000k\000\040\000a\000t\000\040\000h\000a\000n\000d}{}% 1
\BOOKMARK [1][-]{section.2}{\376\377\000F\000i\000r\000s\000t\000\040\000l\000o\000o\000k\000\040\000a\000t\000\040\000t\000h\000e\000\040\000m\000e\000t\000h\000o\000d\000o\000l\000o\000g\000y}{}% 2
\BOOKMARK [1][-]{section.3}{\376\377\000B\000e\000r\000m\000a\000n\000\040\000p\000a\000p\000e\000r}{}% 3
\BOOKMARK [2][-]{subsection.3.1}{\376\377\000P\000r\000o\000c\000e\000d\000u\000r\000e}{section.3}% 4
\BOOKMARK [3][-]{subsubsection.3.1.1}{\376\377\000P\000o\000s\000t\000u\000r\000a\000l\000\040\000d\000e\000c\000o\000m\000p\000o\000s\000i\000t\000i\000o\000n}{subsection.3.1}% 5
\BOOKMARK [2][-]{subsection.3.2}{\376\377\000S\000p\000e\000c\000t\000r\000o\000g\000r\000a\000m\000\040\000g\000e\000n\000e\000r\000a\000t\000i\000o\000n}{section.3}% 6
\BOOKMARK [2][-]{subsection.3.3}{\376\377\000S\000p\000a\000c\000i\000a\000l\000\040\000e\000m\000b\000e\000d\000d\000i\000n\000g}{section.3}% 7
\BOOKMARK [1][-]{section.4}{\376\377\000S\000t\000e\000p\000s\000:}{}% 8
\BOOKMARK [1][-]{section.5}{\376\377\000I\000n\000t\000r\000o\000d\000u\000c\000t\000i\000o\000n}{}% 9
\BOOKMARK [2][-]{subsection.5.1}{\376\377\000M\000o\000t\000i\000v\000a\000t\000i\000o\000n}{section.5}% 10
\BOOKMARK [2][-]{subsection.5.2}{\376\377\000P\000r\000e\000v\000i\000o\000u\000s\000\040\000w\000o\000r\000k}{section.5}% 11
\BOOKMARK [1][-]{section.6}{\376\377\000T\000h\000e\000o\000r\000y}{}% 12
\BOOKMARK [2][-]{subsection.6.1}{\376\377\000T\000i\000m\000e\000\040\000s\000e\000r\000i\000e\000s}{section.6}% 13
\BOOKMARK [3][-]{subsubsection.6.1.1}{\376\377\000D\000e\000t\000r\000e\000n\000d\000i\000n\000g}{subsection.6.1}% 14
\BOOKMARK [3][-]{subsubsection.6.1.2}{\376\377\000S\000p\000e\000c\000t\000r\000a\000l\000\040\000a\000n\000a\000l\000y\000s\000i\000s}{subsection.6.1}% 15
\BOOKMARK [3][-]{subsubsection.6.1.3}{\376\377\000S\000p\000l\000i\000n\000e\000\040\000i\000n\000t\000e\000r\000p\000o\000l\000a\000t\000i\000o\000n}{subsection.6.1}% 16
\BOOKMARK [3][-]{subsubsection.6.1.4}{\376\377\000W\000a\000v\000e\000l\000e\000t\000\040\000t\000r\000a\000n\000s\000f\000o\000r\000m\000a\000t\000i\000o\000n}{subsection.6.1}% 17
\BOOKMARK [2][-]{subsection.6.2}{\376\377\000D\000i\000m\000e\000n\000s\000i\000o\000n\000a\000l\000i\000t\000y\000\040\000r\000e\000d\000u\000c\000t\000i\000o\000n}{section.6}% 18
\BOOKMARK [3][-]{subsubsection.6.2.1}{\376\377\000P\000r\000i\000n\000c\000i\000p\000a\000l\000\040\000C\000o\000m\000p\000o\000n\000e\000n\000t\000\040\000A\000n\000a\000l\000y\000s\000i\000s}{subsection.6.2}% 19
\BOOKMARK [3][-]{subsubsection.6.2.2}{\376\377\000t\000-\000S\000t\000o\000c\000h\000a\000s\000t\000i\000c\000\040\000N\000e\000i\000g\000h\000b\000o\000r\000\040\000E\000m\000b\000e\000d\000d\000i\000n\000g}{subsection.6.2}% 20
\BOOKMARK [2][-]{subsection.6.3}{\376\377\000W\000a\000t\000e\000r\000s\000h\000e\000d\000\040\000s\000e\000g\000m\000e\000n\000t\000a\000t\000i\000o\000n}{section.6}% 21
\BOOKMARK [1][-]{section.7}{\376\377\000M\000e\000t\000h\000o\000d\000o\000l\000o\000g\000y}{}% 22
\BOOKMARK [2][-]{subsection.7.1}{\376\377\000I\000n\000p\000u\000t\000\040\000d\000a\000t\000a}{section.7}% 23
\BOOKMARK [2][-]{subsection.7.2}{\376\377\000F\000e\000a\000t\000u\000r\000e\000\040\000e\000x\000t\000r\000a\000c\000t\000i\000o\000n}{section.7}% 24
\BOOKMARK [2][-]{subsection.7.3}{\376\377\000M\000a\000n\000i\000f\000o\000l\000d\000\040\000e\000m\000b\000e\000d\000d\000i\000n\000g}{section.7}% 25
